========================================
任务: nav_refresh_20260507_1101
命令: python3 scripts/nav_update_all.py --date 2026-05-07 --intraday
开始: 2026-05-07 11:01:17
PID: 497140
========================================
🔍 数据一致性检查...

  发现 5 个问题:
    ⚠️ 技术猎手: NAV不一致 stored=0.989175 expected=0.979203
    ⚠️ 巴菲特门徒: NAV不一致 stored=0.991406 expected=0.995586
    ⚠️ 趋势游侠: NAV不一致 stored=0.989315 expected=0.988259
    ⚠️ 情绪战神: NAV不一致 stored=0.919915 expected=0.942329
    ⚠️ 热点猎手: NAV不一致 stored=0.903198 expected=0.904353
  已自动修复可修复的问题

📊 更新净值 (2026-05-07，盘中)
  总持仓代码: 23 只
  获取到 19 个价格
  沪深300: 4872.54, 基准NAV: 1.035050

🔍 最终一致性检查...
  ⚠️ 仍有 5 个问题:
    ⚠️ 技术猎手: NAV不一致 stored=0.989175 expected=0.978569
    ⚠️ 巴菲特门徒: NAV不一致 stored=0.991406 expected=0.994549
    ⚠️ 趋势游侠: NAV不一致 stored=0.989315 expected=0.988219
    ⚠️ 情绪战神: NAV不一致 stored=0.919915 expected=0.910949
    ⚠️ 热点猎手: NAV不一致 stored=0.903198 expected=0.904307
[OK] 数据已保存: /home/sunrui/.openclaw/workspace-buffett/alpha-factor-lab/paper-trading-data.json

💾 数据已保存到 /home/sunrui/.openclaw/workspace-buffett/alpha-factor-lab/paper-trading-data.json

============================================================
🏆 排行榜
============================================================
  #1 🔢 因子猎人: NAV=1.0575 (+5.75%)
  #2 🏛️ 巴菲特门徒: NAV=0.9914 (-0.86%)
  #3 🏄 趋势游侠: NAV=0.9893 (-1.07%)
  #4 📊 技术猎手: NAV=0.9892 (-1.08%)
  #5 ⚡ 情绪战神: NAV=0.9199 (-8.01%)
  #6 📰 热点猎手: NAV=0.9032 (-9.68%)

======== DONE at 2026-05-07 11:01:17 (exit=0) ========
