Loading fundamental data...
Fund: 13960 rows, 1000 stocks
Dates: 2022-06-30 00:00:00 - 2025-09-30 00:00:00
Computing 8-quarter rolling slope...
Slope rows: 6927
Loading kline...
FF to daily dates...
  FF stock 0/1000...
  FF stock 200/1000...
  FF stock 400/1000...
  FF stock 600/1000...
  FF stock 800/1000...
After FF: 851000 rows
Neutralization...
After merge: 412823 rows
Applying neutralization per date...

Done! data/factor_roe_trend_v1.csv: 412823 rows
Date range: 2024-04-01 - 2025-12-31
Factor stats:
count    412823.000000
mean         -0.074091
std           1.001404
min          -2.673341
25%          -0.563547
50%           0.000000
75%           0.439924
max           2.673341
Name: factor_value, dtype: float64
